[2020-05-12 13:58:43] app.INFO: Protect vendor folder in module contactform [] []
[2020-05-12 13:58:43] app.INFO: Module contactform has no vendor folder [] []
[2020-05-12 13:58:43] app.INFO: Protect vendor folder in module dashactivity [] []
[2020-05-12 13:58:43] app.INFO: Module dashactivity has no vendor folder [] []
[2020-05-12 13:58:43] app.INFO: Protect vendor folder in module dashtrends [] []
[2020-05-12 13:58:43] app.INFO: Module dashtrends has no vendor folder [] []
[2020-05-12 13:58:43] app.INFO: Protect vendor folder in module dashgoals [] []
[2020-05-12 13:58:43] app.INFO: Module dashgoals has no vendor folder [] []
[2020-05-12 13:58:43] app.INFO: Protect vendor folder in module dashproducts [] []
[2020-05-12 13:58:43] app.INFO: Module dashproducts has no vendor folder [] []
[2020-05-12 13:58:43] app.INFO: Protect vendor folder in module graphnvd3 [] []
[2020-05-12 13:58:43] app.INFO: Module graphnvd3 has no vendor folder [] []
[2020-05-12 13:58:43] app.INFO: Protect vendor folder in module gridhtml [] []
[2020-05-12 13:58:43] app.INFO: Module gridhtml has no vendor folder [] []
[2020-05-12 13:58:43] app.INFO: Protect vendor folder in module gsitemap [] []
[2020-05-12 13:58:43] app.INFO: Module gsitemap has no vendor folder [] []
[2020-05-12 13:58:43] app.INFO: Protect vendor folder in module ps_banner [] []
[2020-05-12 13:58:43] app.INFO: Module ps_banner has no vendor folder [] []
[2020-05-12 13:58:43] app.INFO: Protect vendor folder in module ps_categorytree [] []
[2020-05-12 13:58:43] app.INFO: Module ps_categorytree has no vendor folder [] []
[2020-05-12 13:58:43] app.INFO: Protect vendor folder in module ps_checkpayment [] []
[2020-05-12 13:58:43] app.INFO: Module ps_checkpayment has no vendor folder [] []
[2020-05-12 13:58:43] app.INFO: Protect vendor folder in module ps_contactinfo [] []
[2020-05-12 13:58:43] app.INFO: Module ps_contactinfo has no vendor folder [] []
[2020-05-12 13:58:43] app.INFO: Protect vendor folder in module ps_currencyselector [] []
[2020-05-12 13:58:43] app.INFO: Module ps_currencyselector has no vendor folder [] []
[2020-05-12 13:58:43] app.INFO: Protect vendor folder in module ps_customeraccountlinks [] []
[2020-05-12 13:58:43] app.INFO: Module ps_customeraccountlinks has no vendor folder [] []
[2020-05-12 13:58:43] app.INFO: Protect vendor folder in module ps_customersignin [] []
[2020-05-12 13:58:43] app.INFO: Module ps_customersignin has no vendor folder [] []
[2020-05-12 13:58:43] app.INFO: Protect vendor folder in module ps_customtext [] []
[2020-05-12 13:58:43] app.INFO: Module ps_customtext has no vendor folder [] []
[2020-05-12 13:58:43] app.INFO: Protect vendor folder in module ps_emailsubscription [] []
[2020-05-12 13:58:43] app.INFO: Module ps_emailsubscription has no vendor folder [] []
[2020-05-12 13:58:44] app.INFO: Protect vendor folder in module ps_facetedsearch [] []
[2020-05-12 13:58:44] app.INFO: Module ps_facetedsearch has no vendor folder [] []
[2020-05-12 13:58:44] app.INFO: Protect vendor folder in module ps_faviconnotificationbo [] []
[2020-05-12 13:58:44] app.INFO: Module ps_faviconnotificationbo has no vendor folder [] []
[2020-05-12 13:58:44] app.INFO: Protect vendor folder in module ps_featuredproducts [] []
[2020-05-12 13:58:44] app.INFO: Module ps_featuredproducts has no vendor folder [] []
[2020-05-12 13:58:44] app.INFO: Protect vendor folder in module ps_imageslider [] []
[2020-05-12 13:58:44] app.INFO: Module ps_imageslider has no vendor folder [] []
[2020-05-12 13:58:44] app.INFO: Protect vendor folder in module ps_languageselector [] []
[2020-05-12 13:58:44] app.INFO: Module ps_languageselector has no vendor folder [] []
[2020-05-12 13:58:44] app.INFO: Protect vendor folder in module ps_linklist [] []
[2020-05-12 13:58:44] app.INFO: Module ps_linklist has no vendor folder [] []
[2020-05-12 13:58:44] app.ERROR: Class "AdminLinkWidgetController" not found in controllers/admin [] []
[2020-05-12 13:58:44] app.INFO: Protect vendor folder in module ps_mainmenu [] []
[2020-05-12 13:58:44] app.INFO: Module ps_mainmenu has no vendor folder [] []
[2020-05-12 13:58:44] app.INFO: Protect vendor folder in module ps_searchbar [] []
[2020-05-12 13:58:44] app.INFO: Module ps_searchbar has no vendor folder [] []
[2020-05-12 13:58:44] app.INFO: Protect vendor folder in module ps_sharebuttons [] []
[2020-05-12 13:58:44] app.INFO: Module ps_sharebuttons has no vendor folder [] []
[2020-05-12 13:58:44] app.INFO: Protect vendor folder in module ps_shoppingcart [] []
[2020-05-12 13:58:44] app.INFO: Module ps_shoppingcart has no vendor folder [] []
[2020-05-12 13:58:44] app.INFO: Protect vendor folder in module ps_socialfollow [] []
[2020-05-12 13:58:44] app.INFO: Module ps_socialfollow has no vendor folder [] []
[2020-05-12 13:58:45] app.INFO: Protect vendor folder in module ps_themecusto [] []
[2020-05-12 13:58:45] app.INFO: Module ps_themecusto has no vendor folder [] []
[2020-05-12 13:58:45] app.INFO: Protect vendor folder in module ps_wirepayment [] []
[2020-05-12 13:58:45] app.INFO: Module ps_wirepayment has no vendor folder [] []
[2020-05-12 13:58:45] app.INFO: Protect vendor folder in module pagesnotfound [] []
[2020-05-12 13:58:45] app.INFO: Module pagesnotfound has no vendor folder [] []
[2020-05-12 13:58:45] app.INFO: Protect vendor folder in module sekeywords [] []
[2020-05-12 13:58:45] app.INFO: Module sekeywords has no vendor folder [] []
[2020-05-12 13:58:45] app.INFO: Protect vendor folder in module statsbestcategories [] []
[2020-05-12 13:58:45] app.INFO: Module statsbestcategories has no vendor folder [] []
[2020-05-12 13:58:45] app.INFO: Protect vendor folder in module statsbestcustomers [] []
[2020-05-12 13:58:45] app.INFO: Module statsbestcustomers has no vendor folder [] []
[2020-05-12 13:58:45] app.INFO: Protect vendor folder in module statsbestproducts [] []
[2020-05-12 13:58:45] app.INFO: Module statsbestproducts has no vendor folder [] []
[2020-05-12 13:58:45] app.INFO: Protect vendor folder in module statsbestsuppliers [] []
[2020-05-12 13:58:45] app.INFO: Module statsbestsuppliers has no vendor folder [] []
[2020-05-12 13:58:45] app.INFO: Protect vendor folder in module statsbestvouchers [] []
[2020-05-12 13:58:45] app.INFO: Module statsbestvouchers has no vendor folder [] []
[2020-05-12 13:58:45] app.INFO: Protect vendor folder in module statscarrier [] []
[2020-05-12 13:58:45] app.INFO: Module statscarrier has no vendor folder [] []
[2020-05-12 13:58:45] app.INFO: Protect vendor folder in module statscatalog [] []
[2020-05-12 13:58:45] app.INFO: Module statscatalog has no vendor folder [] []
[2020-05-12 13:58:45] app.INFO: Protect vendor folder in module statscheckup [] []
[2020-05-12 13:58:45] app.INFO: Module statscheckup has no vendor folder [] []
[2020-05-12 13:58:45] app.INFO: Protect vendor folder in module statsdata [] []
[2020-05-12 13:58:45] app.INFO: Module statsdata has no vendor folder [] []
[2020-05-12 13:58:45] app.INFO: Protect vendor folder in module statsequipment [] []
[2020-05-12 13:58:45] app.INFO: Module statsequipment has no vendor folder [] []
[2020-05-12 13:58:45] app.INFO: Protect vendor folder in module statsforecast [] []
[2020-05-12 13:58:45] app.INFO: Module statsforecast has no vendor folder [] []
[2020-05-12 13:58:45] app.INFO: Protect vendor folder in module statslive [] []
[2020-05-12 13:58:45] app.INFO: Module statslive has no vendor folder [] []
[2020-05-12 13:58:45] app.INFO: Protect vendor folder in module statsnewsletter [] []
[2020-05-12 13:58:45] app.INFO: Module statsnewsletter has no vendor folder [] []
[2020-05-12 13:58:45] app.INFO: Protect vendor folder in module statsorigin [] []
[2020-05-12 13:58:45] app.INFO: Module statsorigin has no vendor folder [] []
[2020-05-12 13:58:45] app.INFO: Protect vendor folder in module statspersonalinfos [] []
[2020-05-12 13:58:45] app.INFO: Module statspersonalinfos has no vendor folder [] []
[2020-05-12 13:58:45] app.INFO: Protect vendor folder in module statsproduct [] []
[2020-05-12 13:58:45] app.INFO: Module statsproduct has no vendor folder [] []
[2020-05-12 13:58:45] app.INFO: Protect vendor folder in module statsregistrations [] []
[2020-05-12 13:58:45] app.INFO: Module statsregistrations has no vendor folder [] []
[2020-05-12 13:58:45] app.INFO: Protect vendor folder in module statssales [] []
[2020-05-12 13:58:45] app.INFO: Module statssales has no vendor folder [] []
[2020-05-12 13:58:45] app.INFO: Protect vendor folder in module statssearch [] []
[2020-05-12 13:58:45] app.INFO: Module statssearch has no vendor folder [] []
[2020-05-12 13:58:45] app.INFO: Protect vendor folder in module statsstock [] []
[2020-05-12 13:58:45] app.INFO: Module statsstock has no vendor folder [] []
[2020-05-12 13:58:45] app.INFO: Protect vendor folder in module statsvisits [] []
[2020-05-12 13:58:45] app.INFO: Module statsvisits has no vendor folder [] []
[2020-05-12 13:58:45] app.INFO: Protect vendor folder in module welcome [] []
[2020-05-12 13:58:46] app.INFO: Exporting mail with theme modern for language Español (Spanish) [] []
[2020-05-12 13:58:46] app.INFO: Core output folder: C:\xampp\htdocs\mitienda/mails [] []
[2020-05-12 13:58:46] app.INFO: Modules output folder: C:\xampp\htdocs\mitienda/modules/ [] []
[2020-05-12 13:58:47] app.INFO: Exporting mail with theme modern for language Català (Catalan) [] []
[2020-05-12 13:58:47] app.INFO: Core output folder: C:\xampp\htdocs\mitienda/mails [] []
[2020-05-12 13:58:47] app.INFO: Modules output folder: C:\xampp\htdocs\mitienda/modules/ [] []
[2020-05-12 13:58:48] app.INFO: Exporting mail with theme modern for language Galego (Galician) [] []
[2020-05-12 13:58:48] app.INFO: Core output folder: C:\xampp\htdocs\mitienda/mails [] []
[2020-05-12 13:58:48] app.INFO: Modules output folder: C:\xampp\htdocs\mitienda/modules/ [] []
[2020-05-12 13:58:49] app.INFO: Exporting mail with theme modern for language Euskera (Basque) [] []
[2020-05-12 13:58:49] app.INFO: Core output folder: C:\xampp\htdocs\mitienda/mails [] []
[2020-05-12 13:58:49] app.INFO: Modules output folder: C:\xampp\htdocs\mitienda/modules/ [] []
[2020-05-12 19:11:48] request.INFO: Matched route "admin_module_manage". {"route":"admin_module_manage","route_parameters":{"category":null,"keyword":null,"_controller":"PrestaShopBundle\\Controller\\Admin\\Improve\\ModuleController::manageAction","_legacy_controller":"AdminModulesManage","_legacy_link":["AdminModulesManage","AdminModulesSf"],"_route":"admin_module_manage"},"request_uri":"http://localhost/mitienda/admin006nxtose/index.php/improve/modules/manage?_token=Z9Y9ibtPtBlClokvwWj_GLRb7kNdvTOJOtYlaiw4HA0","method":"GET"} []
[2020-05-12 19:11:48] security.DEBUG: Read existing security token from the session. {"key":"_security_main","token_class":"Symfony\\Component\\Security\\Core\\Authentication\\Token\\UsernamePasswordToken"} []
[2020-05-12 19:11:48] security.DEBUG: User was reloaded from a user provider. {"provider":"PrestaShopBundle\\Security\\Admin\\EmployeeProvider","username":"arullo@webimpacto.es"} []
[2020-05-12 19:11:49] request.CRITICAL: Uncaught PHP Exception Symfony\Component\Debug\Exception\FatalErrorException: "Compile Error: Cannot declare class MyModule, because the name is already in use" at C:\xampp\htdocs\mitienda\modules\mymodule\mymodule.php line 43 {"exception":"[object] (Symfony\\Component\\Debug\\Exception\\FatalErrorException(code: 0): Compile Error: Cannot declare class MyModule, because the name is already in use at C:\\xampp\\htdocs\\mitienda\\modules\\mymodule\\mymodule.php:43)"} []
[2020-05-12 19:11:49] security.DEBUG: Stored the security token in the session. {"key":"_security_main"} []
[2020-05-12 19:11:57] request.INFO: Matched route "admin_module_manage". {"route":"admin_module_manage","route_parameters":{"category":null,"keyword":null,"_controller":"PrestaShopBundle\\Controller\\Admin\\Improve\\ModuleController::manageAction","_legacy_controller":"AdminModulesManage","_legacy_link":["AdminModulesManage","AdminModulesSf"],"_route":"admin_module_manage"},"request_uri":"http://localhost/mitienda/admin006nxtose/index.php/improve/modules/manage?_token=Z9Y9ibtPtBlClokvwWj_GLRb7kNdvTOJOtYlaiw4HA0","method":"GET"} []
[2020-05-12 19:11:57] security.DEBUG: Read existing security token from the session. {"key":"_security_main","token_class":"Symfony\\Component\\Security\\Core\\Authentication\\Token\\UsernamePasswordToken"} []
[2020-05-12 19:11:57] security.DEBUG: User was reloaded from a user provider. {"provider":"PrestaShopBundle\\Security\\Admin\\EmployeeProvider","username":"arullo@webimpacto.es"} []
[2020-05-12 19:11:57] request.CRITICAL: Uncaught PHP Exception Symfony\Component\Debug\Exception\FatalErrorException: "Compile Error: Cannot declare class MyModule, because the name is already in use" at C:\xampp\htdocs\mitienda\modules\mymodule\mymodule.php line 43 {"exception":"[object] (Symfony\\Component\\Debug\\Exception\\FatalErrorException(code: 0): Compile Error: Cannot declare class MyModule, because the name is already in use at C:\\xampp\\htdocs\\mitienda\\modules\\mymodule\\mymodule.php:43)"} []
[2020-05-12 19:11:57] security.DEBUG: Stored the security token in the session. {"key":"_security_main"} []
[2020-05-12 19:12:00] request.INFO: Matched route "admin_module_manage". {"route":"admin_module_manage","route_parameters":{"category":null,"keyword":null,"_controller":"PrestaShopBundle\\Controller\\Admin\\Improve\\ModuleController::manageAction","_legacy_controller":"AdminModulesManage","_legacy_link":["AdminModulesManage","AdminModulesSf"],"_route":"admin_module_manage"},"request_uri":"http://localhost/mitienda/admin006nxtose/index.php/improve/modules/manage?_token=Z9Y9ibtPtBlClokvwWj_GLRb7kNdvTOJOtYlaiw4HA0","method":"GET"} []
[2020-05-12 19:12:00] security.DEBUG: Read existing security token from the session. {"key":"_security_main","token_class":"Symfony\\Component\\Security\\Core\\Authentication\\Token\\UsernamePasswordToken"} []
[2020-05-12 19:12:00] security.DEBUG: User was reloaded from a user provider. {"provider":"PrestaShopBundle\\Security\\Admin\\EmployeeProvider","username":"arullo@webimpacto.es"} []
[2020-05-12 19:12:00] request.CRITICAL: Uncaught PHP Exception Symfony\Component\Debug\Exception\FatalErrorException: "Compile Error: Cannot declare class MyModule, because the name is already in use" at C:\xampp\htdocs\mitienda\modules\mymodule\mymodule.php line 43 {"exception":"[object] (Symfony\\Component\\Debug\\Exception\\FatalErrorException(code: 0): Compile Error: Cannot declare class MyModule, because the name is already in use at C:\\xampp\\htdocs\\mitienda\\modules\\mymodule\\mymodule.php:43)"} []
[2020-05-12 19:12:00] security.DEBUG: Stored the security token in the session. {"key":"_security_main"} []
[2020-05-12 19:12:05] request.INFO: Matched route "admin_module_manage". {"route":"admin_module_manage","route_parameters":{"category":null,"keyword":null,"_controller":"PrestaShopBundle\\Controller\\Admin\\Improve\\ModuleController::manageAction","_legacy_controller":"AdminModulesManage","_legacy_link":["AdminModulesManage","AdminModulesSf"],"_route":"admin_module_manage"},"request_uri":"http://localhost/mitienda/admin006nxtose/index.php/improve/modules/manage?_token=Z9Y9ibtPtBlClokvwWj_GLRb7kNdvTOJOtYlaiw4HA0","method":"GET"} []
[2020-05-12 19:12:05] security.DEBUG: Read existing security token from the session. {"key":"_security_main","token_class":"Symfony\\Component\\Security\\Core\\Authentication\\Token\\UsernamePasswordToken"} []
[2020-05-12 19:12:05] security.DEBUG: User was reloaded from a user provider. {"provider":"PrestaShopBundle\\Security\\Admin\\EmployeeProvider","username":"arullo@webimpacto.es"} []
[2020-05-12 19:12:06] request.CRITICAL: Uncaught PHP Exception Symfony\Component\Debug\Exception\FatalErrorException: "Compile Error: Cannot declare class MyModule, because the name is already in use" at C:\xampp\htdocs\mitienda\modules\mymodule\mymodule.php line 43 {"exception":"[object] (Symfony\\Component\\Debug\\Exception\\FatalErrorException(code: 0): Compile Error: Cannot declare class MyModule, because the name is already in use at C:\\xampp\\htdocs\\mitienda\\modules\\mymodule\\mymodule.php:43)"} []
[2020-05-12 19:12:06] security.DEBUG: Stored the security token in the session. {"key":"_security_main"} []
[2020-05-12 19:12:18] request.INFO: Matched route "admin_module_manage". {"route":"admin_module_manage","route_parameters":{"category":null,"keyword":null,"_controller":"PrestaShopBundle\\Controller\\Admin\\Improve\\ModuleController::manageAction","_legacy_controller":"AdminModulesManage","_legacy_link":["AdminModulesManage","AdminModulesSf"],"_route":"admin_module_manage"},"request_uri":"http://localhost/mitienda/admin006nxtose/index.php/improve/modules/manage?_token=Z9Y9ibtPtBlClokvwWj_GLRb7kNdvTOJOtYlaiw4HA0","method":"GET"} []
[2020-05-12 19:12:18] security.DEBUG: Read existing security token from the session. {"key":"_security_main","token_class":"Symfony\\Component\\Security\\Core\\Authentication\\Token\\UsernamePasswordToken"} []
[2020-05-12 19:12:18] security.DEBUG: User was reloaded from a user provider. {"provider":"PrestaShopBundle\\Security\\Admin\\EmployeeProvider","username":"arullo@webimpacto.es"} []
[2020-05-12 19:12:18] request.CRITICAL: Uncaught PHP Exception Symfony\Component\Debug\Exception\FatalErrorException: "Compile Error: Cannot declare class MyModule, because the name is already in use" at C:\xampp\htdocs\mitienda\modules\mymodule\mymodule.php line 43 {"exception":"[object] (Symfony\\Component\\Debug\\Exception\\FatalErrorException(code: 0): Compile Error: Cannot declare class MyModule, because the name is already in use at C:\\xampp\\htdocs\\mitienda\\modules\\mymodule\\mymodule.php:43)"} []
[2020-05-12 19:12:18] security.DEBUG: Stored the security token in the session. {"key":"_security_main"} []
[2020-05-12 19:13:09] request.INFO: Matched route "admin_module_manage". {"route":"admin_module_manage","route_parameters":{"category":null,"keyword":null,"_controller":"PrestaShopBundle\\Controller\\Admin\\Improve\\ModuleController::manageAction","_legacy_controller":"AdminModulesManage","_legacy_link":["AdminModulesManage","AdminModulesSf"],"_route":"admin_module_manage"},"request_uri":"http://localhost/mitienda/admin006nxtose/index.php/improve/modules/manage?_token=Z9Y9ibtPtBlClokvwWj_GLRb7kNdvTOJOtYlaiw4HA0","method":"GET"} []
[2020-05-12 19:13:09] security.DEBUG: Read existing security token from the session. {"key":"_security_main","token_class":"Symfony\\Component\\Security\\Core\\Authentication\\Token\\UsernamePasswordToken"} []
[2020-05-12 19:13:09] security.DEBUG: User was reloaded from a user provider. {"provider":"PrestaShopBundle\\Security\\Admin\\EmployeeProvider","username":"arullo@webimpacto.es"} []
[2020-05-12 19:13:09] request.CRITICAL: Uncaught PHP Exception Symfony\Component\Debug\Exception\FatalErrorException: "Compile Error: Cannot declare class MyModule, because the name is already in use" at C:\xampp\htdocs\mitienda\modules\mymodule\mymodule.php line 43 {"exception":"[object] (Symfony\\Component\\Debug\\Exception\\FatalErrorException(code: 0): Compile Error: Cannot declare class MyModule, because the name is already in use at C:\\xampp\\htdocs\\mitienda\\modules\\mymodule\\mymodule.php:43)"} []
[2020-05-12 19:13:09] security.DEBUG: Stored the security token in the session. {"key":"_security_main"} []
[2020-05-12 19:13:25] request.INFO: Matched route "admin_module_manage". {"route":"admin_module_manage","route_parameters":{"category":null,"keyword":null,"_controller":"PrestaShopBundle\\Controller\\Admin\\Improve\\ModuleController::manageAction","_legacy_controller":"AdminModulesManage","_legacy_link":["AdminModulesManage","AdminModulesSf"],"_route":"admin_module_manage"},"request_uri":"http://localhost/mitienda/admin006nxtose/index.php/improve/modules/manage?_token=Z9Y9ibtPtBlClokvwWj_GLRb7kNdvTOJOtYlaiw4HA0","method":"GET"} []
[2020-05-12 19:13:25] security.DEBUG: Read existing security token from the session. {"key":"_security_main","token_class":"Symfony\\Component\\Security\\Core\\Authentication\\Token\\UsernamePasswordToken"} []
[2020-05-12 19:13:25] security.DEBUG: User was reloaded from a user provider. {"provider":"PrestaShopBundle\\Security\\Admin\\EmployeeProvider","username":"arullo@webimpacto.es"} []
[2020-05-12 19:13:25] request.CRITICAL: Uncaught PHP Exception Symfony\Component\Debug\Exception\FatalErrorException: "Compile Error: Cannot declare class MyModule, because the name is already in use" at C:\xampp\htdocs\mitienda\modules\mymodule\mymodule.php line 26 {"exception":"[object] (Symfony\\Component\\Debug\\Exception\\FatalErrorException(code: 0): Compile Error: Cannot declare class MyModule, because the name is already in use at C:\\xampp\\htdocs\\mitienda\\modules\\mymodule\\mymodule.php:26)"} []
[2020-05-12 19:13:25] security.DEBUG: Stored the security token in the session. {"key":"_security_main"} []
[2020-05-12 19:13:26] request.INFO: Matched route "admin_module_manage". {"route":"admin_module_manage","route_parameters":{"category":null,"keyword":null,"_controller":"PrestaShopBundle\\Controller\\Admin\\Improve\\ModuleController::manageAction","_legacy_controller":"AdminModulesManage","_legacy_link":["AdminModulesManage","AdminModulesSf"],"_route":"admin_module_manage"},"request_uri":"http://localhost/mitienda/admin006nxtose/index.php/improve/modules/manage?_token=Z9Y9ibtPtBlClokvwWj_GLRb7kNdvTOJOtYlaiw4HA0","method":"GET"} []
[2020-05-12 19:13:26] security.DEBUG: Read existing security token from the session. {"key":"_security_main","token_class":"Symfony\\Component\\Security\\Core\\Authentication\\Token\\UsernamePasswordToken"} []
[2020-05-12 19:13:26] security.DEBUG: User was reloaded from a user provider. {"provider":"PrestaShopBundle\\Security\\Admin\\EmployeeProvider","username":"arullo@webimpacto.es"} []
[2020-05-12 19:13:26] request.CRITICAL: Uncaught PHP Exception Symfony\Component\Debug\Exception\FatalErrorException: "Compile Error: Cannot declare class MyModule, because the name is already in use" at C:\xampp\htdocs\mitienda\modules\mymodule\mymodule.php line 26 {"exception":"[object] (Symfony\\Component\\Debug\\Exception\\FatalErrorException(code: 0): Compile Error: Cannot declare class MyModule, because the name is already in use at C:\\xampp\\htdocs\\mitienda\\modules\\mymodule\\mymodule.php:26)"} []
[2020-05-12 19:13:26] security.DEBUG: Stored the security token in the session. {"key":"_security_main"} []
[2020-05-12 19:35:21] request.CRITICAL: Uncaught PHP Exception SmartyException: "unable to write file C:\xampp\htdocs\mitienda\var\cache\prod\smarty\compile\d6\97\4a\d6974ade73d81cec149beb54b3fce60c68c8c41b_0.file.faviconbo.tpl.php" at C:\xampp\htdocs\mitienda\vendor\smarty\smarty\libs\sysplugins\smarty_internal_runtime_writefile.php line 90 {"exception":"[object] (SmartyException(code: 0): unable to write file C:\\xampp\\htdocs\\mitienda\\var\\cache\\prod\\smarty\\compile\\d6\\97\\4a\\d6974ade73d81cec149beb54b3fce60c68c8c41b_0.file.faviconbo.tpl.php at C:\\xampp\\htdocs\\mitienda\\vendor\\smarty\\smarty\\libs\\sysplugins\\smarty_internal_runtime_writefile.php:90)"} []
[2020-05-12 19:47:24] request.CRITICAL: Uncaught PHP Exception Symfony\Component\Debug\Exception\FatalThrowableError: "Parse error: syntax error, unexpected '&&' (T_BOOLEAN_AND)" at C:\xampp\htdocs\mitienda\modules\miprimermodulo\miprimermodulo.php line 69 {"exception":"[object] (Symfony\\Component\\Debug\\Exception\\FatalThrowableError(code: 0): Parse error: syntax error, unexpected '&&' (T_BOOLEAN_AND) at C:\\xampp\\htdocs\\mitienda\\modules\\miprimermodulo\\miprimermodulo.php:69)"} []
[2020-05-12 19:48:24] request.CRITICAL: Uncaught PHP Exception Symfony\Component\Debug\Exception\FatalThrowableError: "Parse error: syntax error, unexpected '&&' (T_BOOLEAN_AND)" at C:\xampp\htdocs\mitienda\modules\miprimermodulo\miprimermodulo.php line 69 {"exception":"[object] (Symfony\\Component\\Debug\\Exception\\FatalThrowableError(code: 0): Parse error: syntax error, unexpected '&&' (T_BOOLEAN_AND) at C:\\xampp\\htdocs\\mitienda\\modules\\miprimermodulo\\miprimermodulo.php:69)"} []
[2020-05-12 19:49:24] request.CRITICAL: Uncaught PHP Exception Symfony\Component\Debug\Exception\FatalThrowableError: "Parse error: syntax error, unexpected '&&' (T_BOOLEAN_AND)" at C:\xampp\htdocs\mitienda\modules\miprimermodulo\miprimermodulo.php line 69 {"exception":"[object] (Symfony\\Component\\Debug\\Exception\\FatalThrowableError(code: 0): Parse error: syntax error, unexpected '&&' (T_BOOLEAN_AND) at C:\\xampp\\htdocs\\mitienda\\modules\\miprimermodulo\\miprimermodulo.php:69)"} []
[2020-05-12 19:56:37] request.CRITICAL: Uncaught PHP Exception Symfony\Component\Debug\Exception\FatalThrowableError: "Parse error: syntax error, unexpected '&&' (T_BOOLEAN_AND)" at C:\xampp\htdocs\mitienda\modules\miprimermodulo\miprimermodulo.php line 69 {"exception":"[object] (Symfony\\Component\\Debug\\Exception\\FatalThrowableError(code: 0): Parse error: syntax error, unexpected '&&' (T_BOOLEAN_AND) at C:\\xampp\\htdocs\\mitienda\\modules\\miprimermodulo\\miprimermodulo.php:69)"} []
[2020-05-12 19:56:44] request.INFO: Matched route "admin_module_manage". {"route":"admin_module_manage","route_parameters":{"category":null,"keyword":null,"_controller":"PrestaShopBundle\\Controller\\Admin\\Improve\\ModuleController::manageAction","_legacy_controller":"AdminModulesManage","_legacy_link":["AdminModulesManage","AdminModulesSf"],"_route":"admin_module_manage"},"request_uri":"http://localhost/mitienda/admin006nxtose/index.php/improve/modules/manage?_token=Z9Y9ibtPtBlClokvwWj_GLRb7kNdvTOJOtYlaiw4HA0","method":"GET"} []
[2020-05-12 19:56:44] security.DEBUG: Read existing security token from the session. {"key":"_security_main","token_class":"Symfony\\Component\\Security\\Core\\Authentication\\Token\\UsernamePasswordToken"} []
[2020-05-12 19:56:44] security.DEBUG: User was reloaded from a user provider. {"provider":"PrestaShopBundle\\Security\\Admin\\EmployeeProvider","username":"arullo@webimpacto.es"} []
[2020-05-12 19:56:44] request.CRITICAL: Uncaught PHP Exception Symfony\Component\Debug\Exception\FatalThrowableError: "Parse error: syntax error, unexpected '&&' (T_BOOLEAN_AND)" at C:\xampp\htdocs\mitienda\modules\miprimermodulo\miprimermodulo.php line 69 {"exception":"[object] (Symfony\\Component\\Debug\\Exception\\FatalThrowableError(code: 0): Parse error: syntax error, unexpected '&&' (T_BOOLEAN_AND) at C:\\xampp\\htdocs\\mitienda\\modules\\miprimermodulo\\miprimermodulo.php:69)"} []
[2020-05-12 19:56:44] security.DEBUG: Stored the security token in the session. {"key":"_security_main"} []
[2020-05-12 19:58:25] request.INFO: Matched route "admin_module_manage". {"route":"admin_module_manage","route_parameters":{"category":null,"keyword":null,"_controller":"PrestaShopBundle\\Controller\\Admin\\Improve\\ModuleController::manageAction","_legacy_controller":"AdminModulesManage","_legacy_link":["AdminModulesManage","AdminModulesSf"],"_route":"admin_module_manage"},"request_uri":"http://localhost/mitienda/admin006nxtose/index.php/improve/modules/manage?_token=Z9Y9ibtPtBlClokvwWj_GLRb7kNdvTOJOtYlaiw4HA0","method":"GET"} []
[2020-05-12 19:58:25] security.DEBUG: Read existing security token from the session. {"key":"_security_main","token_class":"Symfony\\Component\\Security\\Core\\Authentication\\Token\\UsernamePasswordToken"} []
[2020-05-12 19:58:25] security.DEBUG: User was reloaded from a user provider. {"provider":"PrestaShopBundle\\Security\\Admin\\EmployeeProvider","username":"arullo@webimpacto.es"} []
[2020-05-12 19:58:25] request.CRITICAL: Uncaught PHP Exception Symfony\Component\Debug\Exception\FatalThrowableError: "Parse error: syntax error, unexpected '&&' (T_BOOLEAN_AND)" at C:\xampp\htdocs\mitienda\modules\miprimermodulo\miprimermodulo.php line 69 {"exception":"[object] (Symfony\\Component\\Debug\\Exception\\FatalThrowableError(code: 0): Parse error: syntax error, unexpected '&&' (T_BOOLEAN_AND) at C:\\xampp\\htdocs\\mitienda\\modules\\miprimermodulo\\miprimermodulo.php:69)"} []
[2020-05-12 19:58:25] security.DEBUG: Stored the security token in the session. {"key":"_security_main"} []
[2020-05-12 20:09:27] request.INFO: Matched route "admin_modules_positions". {"route":"admin_modules_positions","route_parameters":{"_controller":"PrestaShopBundle\\Controller\\Admin\\Improve\\Design\\PositionsController::indexAction","_legacy_controller":"AdminModulesPositions","_legacy_link":"AdminModulesPositions","_route":"admin_modules_positions"},"request_uri":"http://localhost/mitienda/admin006nxtose/index.php/improve/design/modules/positions/?_token=Z9Y9ibtPtBlClokvwWj_GLRb7kNdvTOJOtYlaiw4HA0","method":"GET"} []
[2020-05-12 20:09:27] security.DEBUG: Read existing security token from the session. {"key":"_security_main","token_class":"Symfony\\Component\\Security\\Core\\Authentication\\Token\\UsernamePasswordToken"} []
[2020-05-12 20:09:27] security.DEBUG: User was reloaded from a user provider. {"provider":"PrestaShopBundle\\Security\\Admin\\EmployeeProvider","username":"arullo@webimpacto.es"} []
[2020-05-12 20:09:28] request.CRITICAL: Uncaught PHP Exception Symfony\Component\Debug\Exception\ClassNotFoundException: "Attempted to load interface "WidgetInterface" from the global namespace. Did you forget a "use" statement for "PrestaShop\PrestaShop\Core\Module\WidgetInterface"?" at C:\xampp\htdocs\mitienda\modules\miprimermodulo\miprimermodulo.php line 35 {"exception":"[object] (Symfony\\Component\\Debug\\Exception\\ClassNotFoundException(code: 0): Attempted to load interface \"WidgetInterface\" from the global namespace.\nDid you forget a \"use\" statement for \"PrestaShop\\PrestaShop\\Core\\Module\\WidgetInterface\"? at C:\\xampp\\htdocs\\mitienda\\modules\\miprimermodulo\\miprimermodulo.php:35)"} []
[2020-05-12 20:09:28] security.DEBUG: Stored the security token in the session. {"key":"_security_main"} []
[2020-05-13 13:38:03] request.CRITICAL: Uncaught PHP Exception SmartyException: "unable to write file C:\xampp\htdocs\mitienda\var\cache\prod\smarty\compile\ef\8d\36\ef8d363cf0dea14582740487677c62cf98ab590d_0.file.welcome.tpl.php" at C:\xampp\htdocs\mitienda\vendor\smarty\smarty\libs\sysplugins\smarty_internal_runtime_writefile.php line 90 {"exception":"[object] (SmartyException(code: 0): unable to write file C:\\xampp\\htdocs\\mitienda\\var\\cache\\prod\\smarty\\compile\\ef\\8d\\36\\ef8d363cf0dea14582740487677c62cf98ab590d_0.file.welcome.tpl.php at C:\\xampp\\htdocs\\mitienda\\vendor\\smarty\\smarty\\libs\\sysplugins\\smarty_internal_runtime_writefile.php:90)"} []
[2020-05-13 13:52:33] request.CRITICAL: Uncaught PHP Exception SmartyException: "unable to write file C:\xampp\htdocs\mitienda\var\cache\prod\smarty\compile\ef\8d\36\ef8d363cf0dea14582740487677c62cf98ab590d_0.file.welcome.tpl.php" at C:\xampp\htdocs\mitienda\vendor\smarty\smarty\libs\sysplugins\smarty_internal_runtime_writefile.php line 90 {"exception":"[object] (SmartyException(code: 0): unable to write file C:\\xampp\\htdocs\\mitienda\\var\\cache\\prod\\smarty\\compile\\ef\\8d\\36\\ef8d363cf0dea14582740487677c62cf98ab590d_0.file.welcome.tpl.php at C:\\xampp\\htdocs\\mitienda\\vendor\\smarty\\smarty\\libs\\sysplugins\\smarty_internal_runtime_writefile.php:90)"} []
[2020-05-13 14:03:27] request.CRITICAL: Uncaught PHP Exception SmartyException: "Invalid compiled template for 'C:\xampp\htdocs\mitienda/modules/ps_faviconnotificationbo/views/templates/hook/faviconbo.tpl'" at C:\xampp\htdocs\mitienda\vendor\smarty\smarty\libs\sysplugins\smarty_template_resource_base.php line 116 {"exception":"[object] (SmartyException(code: 0): Invalid compiled template for 'C:\\xampp\\htdocs\\mitienda/modules/ps_faviconnotificationbo/views/templates/hook/faviconbo.tpl' at C:\\xampp\\htdocs\\mitienda\\vendor\\smarty\\smarty\\libs\\sysplugins\\smarty_template_resource_base.php:116)"} []
[2020-05-13 14:10:40] request.CRITICAL: Uncaught PHP Exception SmartyException: "Invalid compiled template for 'C:\xampp\htdocs\mitienda/modules/ps_faviconnotificationbo/views/templates/hook/faviconbo.tpl'" at C:\xampp\htdocs\mitienda\vendor\smarty\smarty\libs\sysplugins\smarty_template_resource_base.php line 116 {"exception":"[object] (SmartyException(code: 0): Invalid compiled template for 'C:\\xampp\\htdocs\\mitienda/modules/ps_faviconnotificationbo/views/templates/hook/faviconbo.tpl' at C:\\xampp\\htdocs\\mitienda\\vendor\\smarty\\smarty\\libs\\sysplugins\\smarty_template_resource_base.php:116)"} []
[2020-05-13 14:24:38] request.CRITICAL: Uncaught PHP Exception SmartyException: "unable to write file C:\xampp\htdocs\mitienda\var\cache\prod\smarty\compile\de\6a\12\de6a12c0afef35705eb7e7c790b0b94b9159ed8f_0.file.end.tpl.php" at C:\xampp\htdocs\mitienda\vendor\smarty\smarty\libs\sysplugins\smarty_internal_runtime_writefile.php line 90 {"exception":"[object] (SmartyException(code: 0): unable to write file C:\\xampp\\htdocs\\mitienda\\var\\cache\\prod\\smarty\\compile\\de\\6a\\12\\de6a12c0afef35705eb7e7c790b0b94b9159ed8f_0.file.end.tpl.php at C:\\xampp\\htdocs\\mitienda\\vendor\\smarty\\smarty\\libs\\sysplugins\\smarty_internal_runtime_writefile.php:90)"} []
[2020-05-13 14:27:04] request.CRITICAL: Uncaught PHP Exception SmartyException: "unable to write file C:\xampp\htdocs\mitienda\var\cache\prod\smarty\compile\ef\8d\36\ef8d363cf0dea14582740487677c62cf98ab590d_0.file.welcome.tpl.php" at C:\xampp\htdocs\mitienda\vendor\smarty\smarty\libs\sysplugins\smarty_internal_runtime_writefile.php line 90 {"exception":"[object] (SmartyException(code: 0): unable to write file C:\\xampp\\htdocs\\mitienda\\var\\cache\\prod\\smarty\\compile\\ef\\8d\\36\\ef8d363cf0dea14582740487677c62cf98ab590d_0.file.welcome.tpl.php at C:\\xampp\\htdocs\\mitienda\\vendor\\smarty\\smarty\\libs\\sysplugins\\smarty_internal_runtime_writefile.php:90)"} []
[2020-05-13 14:34:06] request.CRITICAL: Uncaught PHP Exception SmartyException: "unable to write file C:\xampp\htdocs\mitienda\var\cache\prod\smarty\compile\aa\9f\9f\aa9f9f38df6abedc3742ee130f833ddcde63abae_0.file.faviconbo.tpl.php" at C:\xampp\htdocs\mitienda\vendor\smarty\smarty\libs\sysplugins\smarty_internal_runtime_writefile.php line 90 {"exception":"[object] (SmartyException(code: 0): unable to write file C:\\xampp\\htdocs\\mitienda\\var\\cache\\prod\\smarty\\compile\\aa\\9f\\9f\\aa9f9f38df6abedc3742ee130f833ddcde63abae_0.file.faviconbo.tpl.php at C:\\xampp\\htdocs\\mitienda\\vendor\\smarty\\smarty\\libs\\sysplugins\\smarty_internal_runtime_writefile.php:90)"} []
[2020-05-13 15:05:33] request.CRITICAL: Uncaught PHP Exception SmartyException: "unable to write file C:\xampp\htdocs\mitienda\var\cache\prod\smarty\compile\ef\8d\36\ef8d363cf0dea14582740487677c62cf98ab590d_0.file.welcome.tpl.php" at C:\xampp\htdocs\mitienda\vendor\smarty\smarty\libs\sysplugins\smarty_internal_runtime_writefile.php line 90 {"exception":"[object] (SmartyException(code: 0): unable to write file C:\\xampp\\htdocs\\mitienda\\var\\cache\\prod\\smarty\\compile\\ef\\8d\\36\\ef8d363cf0dea14582740487677c62cf98ab590d_0.file.welcome.tpl.php at C:\\xampp\\htdocs\\mitienda\\vendor\\smarty\\smarty\\libs\\sysplugins\\smarty_internal_runtime_writefile.php:90)"} []
[2020-05-13 15:05:38] request.CRITICAL: Uncaught PHP Exception SmartyException: "Invalid compiled template for 'C:\xampp\htdocs\mitienda/modules/ps_faviconnotificationbo/views/templates/hook/faviconbo.tpl'" at C:\xampp\htdocs\mitienda\vendor\smarty\smarty\libs\sysplugins\smarty_template_resource_base.php line 116 {"exception":"[object] (SmartyException(code: 0): Invalid compiled template for 'C:\\xampp\\htdocs\\mitienda/modules/ps_faviconnotificationbo/views/templates/hook/faviconbo.tpl' at C:\\xampp\\htdocs\\mitienda\\vendor\\smarty\\smarty\\libs\\sysplugins\\smarty_template_resource_base.php:116)"} []
[2020-05-13 17:15:59] request.CRITICAL: Uncaught PHP Exception SmartyException: "unable to write file C:\xampp\htdocs\mitienda\var\cache\prod\smarty\compile\ef\8d\36\ef8d363cf0dea14582740487677c62cf98ab590d_0.file.welcome.tpl.php" at C:\xampp\htdocs\mitienda\vendor\smarty\smarty\libs\sysplugins\smarty_internal_runtime_writefile.php line 90 {"exception":"[object] (SmartyException(code: 0): unable to write file C:\\xampp\\htdocs\\mitienda\\var\\cache\\prod\\smarty\\compile\\ef\\8d\\36\\ef8d363cf0dea14582740487677c62cf98ab590d_0.file.welcome.tpl.php at C:\\xampp\\htdocs\\mitienda\\vendor\\smarty\\smarty\\libs\\sysplugins\\smarty_internal_runtime_writefile.php:90)"} []
[2020-05-13 17:29:37] request.CRITICAL: Uncaught PHP Exception SmartyException: "unable to write file C:\xampp\htdocs\mitienda\var\cache\prod\smarty\compile\ef\8d\36\ef8d363cf0dea14582740487677c62cf98ab590d_0.file.welcome.tpl.php" at C:\xampp\htdocs\mitienda\vendor\smarty\smarty\libs\sysplugins\smarty_internal_runtime_writefile.php line 90 {"exception":"[object] (SmartyException(code: 0): unable to write file C:\\xampp\\htdocs\\mitienda\\var\\cache\\prod\\smarty\\compile\\ef\\8d\\36\\ef8d363cf0dea14582740487677c62cf98ab590d_0.file.welcome.tpl.php at C:\\xampp\\htdocs\\mitienda\\vendor\\smarty\\smarty\\libs\\sysplugins\\smarty_internal_runtime_writefile.php:90)"} []
[2020-05-13 17:30:42] request.CRITICAL: Uncaught PHP Exception SmartyException: "unable to write file C:\xampp\htdocs\mitienda\var\cache\prod\smarty\compile\ef\8d\36\ef8d363cf0dea14582740487677c62cf98ab590d_0.file.welcome.tpl.php" at C:\xampp\htdocs\mitienda\vendor\smarty\smarty\libs\sysplugins\smarty_internal_runtime_writefile.php line 90 {"exception":"[object] (SmartyException(code: 0): unable to write file C:\\xampp\\htdocs\\mitienda\\var\\cache\\prod\\smarty\\compile\\ef\\8d\\36\\ef8d363cf0dea14582740487677c62cf98ab590d_0.file.welcome.tpl.php at C:\\xampp\\htdocs\\mitienda\\vendor\\smarty\\smarty\\libs\\sysplugins\\smarty_internal_runtime_writefile.php:90)"} []
[2020-05-13 19:05:17] request.CRITICAL: Uncaught PHP Exception Symfony\Component\Filesystem\Exception\IOException: "Cannot rename "C:\xampp\htdocs\mitienda\var\cache\prod\appEEA9.tmp" to "C:\xampp\htdocs\mitienda\var\cache\prod/appProdProjectContainerUrlMatcher.php"." at C:\xampp\htdocs\mitienda\vendor\symfony\symfony\src\Symfony\Component\Filesystem\Filesystem.php line 289 {"exception":"[object] (Symfony\\Component\\Filesystem\\Exception\\IOException(code: 0): Cannot rename \"C:\\xampp\\htdocs\\mitienda\\var\\cache\\prod\\appEEA9.tmp\" to \"C:\\xampp\\htdocs\\mitienda\\var\\cache\\prod/appProdProjectContainerUrlMatcher.php\". at C:\\xampp\\htdocs\\mitienda\\vendor\\symfony\\symfony\\src\\Symfony\\Component\\Filesystem\\Filesystem.php:289)"} []
[2020-05-13 20:41:42] request.CRITICAL: Uncaught PHP Exception SmartyException: "unable to write file C:\xampp\htdocs\mitienda\var\cache\prod\smarty\compile\ef\8d\36\ef8d363cf0dea14582740487677c62cf98ab590d_0.file.welcome.tpl.php" at C:\xampp\htdocs\mitienda\vendor\smarty\smarty\libs\sysplugins\smarty_internal_runtime_writefile.php line 90 {"exception":"[object] (SmartyException(code: 0): unable to write file C:\\xampp\\htdocs\\mitienda\\var\\cache\\prod\\smarty\\compile\\ef\\8d\\36\\ef8d363cf0dea14582740487677c62cf98ab590d_0.file.welcome.tpl.php at C:\\xampp\\htdocs\\mitienda\\vendor\\smarty\\smarty\\libs\\sysplugins\\smarty_internal_runtime_writefile.php:90)"} []
[2020-05-13 20:41:42] cache.WARNING: Failed to save key "%5BSymfony%5CBundle%5CTwigBundle%5CController%5CExceptionController%5D%5B1%5D" (array) {"key":"%5BSymfony%5CBundle%5CTwigBundle%5CController%5CExceptionController%5D%5B1%5D","type":"array","exception":"[object] (ErrorException(code: 0): rename(C:\\xampp\\htdocs\\mitienda\\var\\cache\\prod\\pools\\84UZJFi6Lf\\5ebc3f662b9ae3.92206534,C:\\xampp\\htdocs\\mitienda\\var\\cache\\prod\\pools\\84UZJFi6Lf\\F\\F\\Z9w0q0S4k2xYbYU7PBAC): El sistema no puede encontrar la ruta especificada. (code: 3) at C:\\xampp\\htdocs\\mitienda\\vendor\\symfony\\symfony\\src\\Symfony\\Component\\Cache\\Traits\\FilesystemCommonTrait.php:93)"} []
[2020-05-13 20:50:00] request.CRITICAL: Uncaught PHP Exception SmartyException: "unable to write file C:\xampp\htdocs\mitienda\var\cache\prod\smarty\compile\aa\9f\9f\aa9f9f38df6abedc3742ee130f833ddcde63abae_0.file.faviconbo.tpl.php" at C:\xampp\htdocs\mitienda\vendor\smarty\smarty\libs\sysplugins\smarty_internal_runtime_writefile.php line 90 {"exception":"[object] (SmartyException(code: 0): unable to write file C:\\xampp\\htdocs\\mitienda\\var\\cache\\prod\\smarty\\compile\\aa\\9f\\9f\\aa9f9f38df6abedc3742ee130f833ddcde63abae_0.file.faviconbo.tpl.php at C:\\xampp\\htdocs\\mitienda\\vendor\\smarty\\smarty\\libs\\sysplugins\\smarty_internal_runtime_writefile.php:90)"} []
[2020-05-14 10:13:05] request.CRITICAL: Uncaught PHP Exception SmartyException: "Invalid compiled template for 'C:\xampp\htdocs\mitienda/modules/ps_faviconnotificationbo/views/templates/hook/faviconbo.tpl'" at C:\xampp\htdocs\mitienda\vendor\smarty\smarty\libs\sysplugins\smarty_template_resource_base.php line 116 {"exception":"[object] (SmartyException(code: 0): Invalid compiled template for 'C:\\xampp\\htdocs\\mitienda/modules/ps_faviconnotificationbo/views/templates/hook/faviconbo.tpl' at C:\\xampp\\htdocs\\mitienda\\vendor\\smarty\\smarty\\libs\\sysplugins\\smarty_template_resource_base.php:116)"} []
[2020-05-14 10:20:34] request.CRITICAL: Uncaught PHP Exception SmartyException: "unable to write file C:\xampp\htdocs\mitienda\var\cache\prod\smarty\compile\aa\9f\9f\aa9f9f38df6abedc3742ee130f833ddcde63abae_0.file.faviconbo.tpl.php" at C:\xampp\htdocs\mitienda\vendor\smarty\smarty\libs\sysplugins\smarty_internal_runtime_writefile.php line 90 {"exception":"[object] (SmartyException(code: 0): unable to write file C:\\xampp\\htdocs\\mitienda\\var\\cache\\prod\\smarty\\compile\\aa\\9f\\9f\\aa9f9f38df6abedc3742ee130f833ddcde63abae_0.file.faviconbo.tpl.php at C:\\xampp\\htdocs\\mitienda\\vendor\\smarty\\smarty\\libs\\sysplugins\\smarty_internal_runtime_writefile.php:90)"} []
[2020-05-14 11:32:41] request.CRITICAL: Uncaught PHP Exception SmartyException: "unable to write file C:\xampp\htdocs\mitienda\var\cache\prod\smarty\compile\aa\9f\9f\aa9f9f38df6abedc3742ee130f833ddcde63abae_0.file.faviconbo.tpl.php" at C:\xampp\htdocs\mitienda\vendor\smarty\smarty\libs\sysplugins\smarty_internal_runtime_writefile.php line 90 {"exception":"[object] (SmartyException(code: 0): unable to write file C:\\xampp\\htdocs\\mitienda\\var\\cache\\prod\\smarty\\compile\\aa\\9f\\9f\\aa9f9f38df6abedc3742ee130f833ddcde63abae_0.file.faviconbo.tpl.php at C:\\xampp\\htdocs\\mitienda\\vendor\\smarty\\smarty\\libs\\sysplugins\\smarty_internal_runtime_writefile.php:90)"} []
[2020-05-14 11:52:05] request.CRITICAL: Uncaught PHP Exception SmartyException: "Invalid compiled template for 'C:\xampp\htdocs\mitienda/modules/ps_faviconnotificationbo/views/templates/hook/faviconbo.tpl'" at C:\xampp\htdocs\mitienda\vendor\smarty\smarty\libs\sysplugins\smarty_template_resource_base.php line 116 {"exception":"[object] (SmartyException(code: 0): Invalid compiled template for 'C:\\xampp\\htdocs\\mitienda/modules/ps_faviconnotificationbo/views/templates/hook/faviconbo.tpl' at C:\\xampp\\htdocs\\mitienda\\vendor\\smarty\\smarty\\libs\\sysplugins\\smarty_template_resource_base.php:116)"} []
[2020-05-14 13:12:35] request.CRITICAL: Uncaught PHP Exception SmartyException: "unable to write file C:\xampp\htdocs\mitienda\var\cache\prod\smarty\compile\ef\8d\36\ef8d363cf0dea14582740487677c62cf98ab590d_0.file.welcome.tpl.php" at C:\xampp\htdocs\mitienda\vendor\smarty\smarty\libs\sysplugins\smarty_internal_runtime_writefile.php line 90 {"exception":"[object] (SmartyException(code: 0): unable to write file C:\\xampp\\htdocs\\mitienda\\var\\cache\\prod\\smarty\\compile\\ef\\8d\\36\\ef8d363cf0dea14582740487677c62cf98ab590d_0.file.welcome.tpl.php at C:\\xampp\\htdocs\\mitienda\\vendor\\smarty\\smarty\\libs\\sysplugins\\smarty_internal_runtime_writefile.php:90)"} []
[2020-05-14 13:52:56] request.CRITICAL: Uncaught PHP Exception SmartyException: "unable to write file C:\xampp\htdocs\mitienda\var\cache\prod\smarty\compile\aa\9f\9f\aa9f9f38df6abedc3742ee130f833ddcde63abae_0.file.faviconbo.tpl.php" at C:\xampp\htdocs\mitienda\vendor\smarty\smarty\libs\sysplugins\smarty_internal_runtime_writefile.php line 90 {"exception":"[object] (SmartyException(code: 0): unable to write file C:\\xampp\\htdocs\\mitienda\\var\\cache\\prod\\smarty\\compile\\aa\\9f\\9f\\aa9f9f38df6abedc3742ee130f833ddcde63abae_0.file.faviconbo.tpl.php at C:\\xampp\\htdocs\\mitienda\\vendor\\smarty\\smarty\\libs\\sysplugins\\smarty_internal_runtime_writefile.php:90)"} []
